<?xml version="1.0" encoding="utf-8"?><testsuites name="pytest tests"><testsuite name="pytest" errors="0" failures="0" skipped="0" tests="15" time="29.989" timestamp="2026-07-17T00:07:10.384462+00:00" hostname="agent-env-e46e1ff7-5408-4a70-9d7a-d5331d0d1a88"><testcase classname="tests.test_blog_api.TestAdminUpload" name="test_upload_without_token_401" time="0.141" /><testcase classname="tests.test_blog_api.TestBlogPublic" name="test_latest_returns_seed_post" time="0.204" /><testcase classname="tests.test_blog_api.TestAdminUpload" name="test_upload_wrong_token_401" time="0.106" /><testcase classname="tests.test_blog_api.TestBlogPublic" name="test_get_seed_post_by_slug" time="0.077" /><testcase classname="tests.test_blog_api.TestAdminUpload" name="test_upload_bad_mime_400" time="0.149" /><testcase classname="tests.test_blog_api.TestBlogPublic" name="test_list_blog_ok" time="0.049" /><testcase classname="tests.test_blog_api.TestBlogPublic" name="test_get_missing_slug_404" time="0.051" /><testcase classname="tests.test_blog_api.TestBlogAdminAuth" name="test_post_without_token_401" time="0.089" /><testcase classname="tests.test_blog_api.TestAdminUpload" name="test_upload_empty_image_400" time="0.192" /><testcase classname="tests.test_blog_api.TestBlogAdminAuth" name="test_post_wrong_token_401" time="0.049" /><testcase classname="tests.test_blog_api.TestBlogAdminAuth" name="test_admin_list_without_token_401" time="0.048" /><testcase classname="tests.test_blog_api.TestBlogAdminAuth" name="test_admin_list_with_token_200" time="0.053" /><testcase classname="tests.test_blog_api.TestAdminUpload" name="test_upload_valid_png_wiring" time="28.105" /><testcase classname="tests.test_blog_api.TestLeadsRegression" name="test_create_lead_still_works" time="0.326" /><testcase classname="tests.test_blog_api.TestBlogAdminCRUD" name="test_full_crud_flow" time="0.652" /></testsuite></testsuites>