<?xml version="1.0" encoding="utf-8"?><testsuites name="pytest tests"><testsuite name="pytest" errors="0" failures="0" skipped="0" tests="10" time="1.443" timestamp="2026-07-10T16:48:07.375545+00:00" hostname="agent-env-e46e1ff7-5408-4a70-9d7a-d5331d0d1a88"><testcase classname="tests.test_blog_api.TestBlogAdminAuth" name="test_post_without_token_401" time="0.242" /><testcase classname="tests.test_blog_api.TestBlogPublic" name="test_latest_returns_seed_post" time="0.274" /><testcase classname="tests.test_blog_api.TestBlogAdminAuth" name="test_post_wrong_token_401" time="0.088" /><testcase classname="tests.test_blog_api.TestBlogPublic" name="test_get_seed_post_by_slug" time="0.053" /><testcase classname="tests.test_blog_api.TestBlogPublic" name="test_list_blog_ok" time="0.050" /><testcase classname="tests.test_blog_api.TestBlogAdminAuth" name="test_admin_list_without_token_401" time="0.047" /><testcase classname="tests.test_blog_api.TestBlogPublic" name="test_get_missing_slug_404" time="0.054" /><testcase classname="tests.test_blog_api.TestBlogAdminAuth" name="test_admin_list_with_token_200" time="0.044" /><testcase classname="tests.test_blog_api.TestLeadsRegression" name="test_create_lead_still_works" time="0.391" /><testcase classname="tests.test_blog_api.TestBlogAdminCRUD" name="test_full_crud_flow" time="0.434" /></testsuite></testsuites>