<?xml version="1.0" encoding="utf-8"?><testsuites name="pytest tests"><testsuite name="pytest" errors="0" failures="0" skipped="0" tests="2" time="14.997" timestamp="2026-07-24T19:33:34.120157+00:00" hostname="agent-env-7fa4d5f1-8a90-4100-9927-850098b69d0f"><testcase classname="tests.test_growth_signals_airtable" name="test_analyze_creates_growth_signal_record" time="12.596" /><testcase classname="tests.test_growth_signals_airtable" name="test_send_approval_updates_status" time="2.356" /></testsuite></testsuites>