<?xml version="1.0" encoding="utf-8"?><testsuites name="pytest tests"><testsuite name="pytest" errors="0" failures="2" skipped="0" tests="12" time="25.202" timestamp="2026-07-22T04:28:09.927402+00:00" hostname="agent-env-5d22f1cf-d2d5-45bc-aa62-9fb1a3cf1807"><testcase classname="tests.backend_test" name="test_login_invalid" time="2.137" /><testcase classname="tests.backend_test" name="test_me_without_token" time="0.094" /><testcase classname="tests.backend_test" name="test_me_with_token" time="0.436" /><testcase classname="tests.backend_test" name="test_upload_and_list" time="0.202" /><testcase classname="tests.backend_test" name="test_analyze_source" time="10.199" /><testcase classname="tests.backend_test" name="test_update_testimonial" time="0.285" /><testcase classname="tests.backend_test" name="test_email_draft" time="0.146" /><testcase classname="tests.backend_test" name="test_send_approval_updates_status" time="10.235" /><testcase classname="tests.backend_test" name="test_public_get_testimonial" time="0.102"><failure message="KeyError: 'testimonial_draft'">backend/tests/backend_test.py:144: in test_public_get_testimonial
    assert data["testimonial_draft"]
           ^^^^^^^^^^^^^^^^^^^^^^^^^
E   KeyError: 'testimonial_draft'</failure></testcase><testcase classname="tests.backend_test" name="test_public_update_testimonial" time="0.111"><failure message="KeyError: 'testimonial_draft'">backend/tests/backend_test.py:152: in test_public_update_testimonial
    assert r.json()["testimonial_draft"] == new_text
           ^^^^^^^^^^^^^^^^^^^^^^^^^^^^^
E   KeyError: 'testimonial_draft'</failure></testcase><testcase classname="tests.backend_test" name="test_public_approve_and_lock" time="0.310" /><testcase classname="tests.backend_test" name="test_public_get_invalid_share" time="0.101" /></testsuite></testsuites>