<?xml version="1.0" encoding="utf-8"?><testsuites name="pytest tests"><testsuite name="pytest" errors="0" failures="0" skipped="0" tests="7" time="11.028" timestamp="2026-07-22T01:03:41.935545+00:00" hostname="agent-env-5d22f1cf-d2d5-45bc-aa62-9fb1a3cf1807"><testcase classname="tests.backend_test" name="test_login_invalid" time="0.369" /><testcase classname="tests.backend_test" name="test_me_without_token" time="0.112" /><testcase classname="tests.backend_test" name="test_me_with_token" time="0.469" /><testcase classname="tests.backend_test" name="test_upload_and_list" time="0.260" /><testcase classname="tests.backend_test" name="test_analyze_source" time="8.957" /><testcase classname="tests.backend_test" name="test_update_testimonial" time="0.247" /><testcase classname="tests.backend_test" name="test_email_draft" time="0.138" /></testsuite></testsuites>