<?xml version="1.0" encoding="utf-8"?><testsuites name="pytest tests"><testsuite name="pytest" errors="0" failures="0" skipped="0" tests="4" time="25.657" timestamp="2026-07-24T20:19:36.876056+00:00" hostname="agent-env-7fa4d5f1-8a90-4100-9927-850098b69d0f"><testcase classname="tests.test_referral_outreach" name="test_at_least_two_strong_leads_available" time="1.345" /><testcase classname="tests.test_referral_outreach" name="test_outreach_your_contact_and_real_quote[0]" time="7.813" /><testcase classname="tests.test_referral_outreach" name="test_outreach_your_contact_and_real_quote[1]" time="7.483" /><testcase classname="tests.test_referral_outreach" name="test_outreach_your_contact_and_real_quote[2]" time="8.512" /></testsuite></testsuites>