<?xml version="1.0" encoding="utf-8"?><testsuites name="pytest tests"><testsuite name="pytest" errors="0" failures="0" skipped="0" tests="8" time="1.948" timestamp="2026-08-28T20:19:18.159786+00:00" hostname="agent-env-8fe93db5-6e01-44b5-8da5-62b55293bc43"><testcase classname="tests.test_reviewer_profile.TestReviewerProfile" name="test_ananya_aggregated_across_two_businesses" time="0.254" /><testcase classname="tests.test_reviewer_profile.TestFollowFlow" name="test_follow_unfollow_ananya" time="0.481" /><testcase classname="tests.test_reviewer_profile.TestReviewerProfile" name="test_shweta_no_seeded_profile" time="0.055" /><testcase classname="tests.test_reviewer_profile.TestReviewerProfile" name="test_rohit_has_seeded_bio" time="0.055" /><testcase classname="tests.test_reviewer_profile.TestReviewerProfile" name="test_nonexistent_returns_404" time="0.056" /><testcase classname="tests.test_reviewer_profile.TestFollowFlow" name="test_unfollow_never_negative" time="0.289" /><testcase classname="tests.test_reviewer_profile.TestBusinessRegression" name="test_solved_skin_ok" time="0.316" /><testcase classname="tests.test_reviewer_profile.TestBusinessRegression" name="test_ai_fiesta_ok" time="0.299" /></testsuite></testsuites>