<?xml version="1.0" encoding="utf-8"?><testsuites name="pytest tests"><testsuite name="pytest" errors="0" failures="0" skipped="0" tests="7" time="3.766" timestamp="2026-07-24T18:28:51.284867+00:00" hostname="agent-env-7fa4d5f1-8a90-4100-9927-850098b69d0f"><testcase classname="tests.test_auth_token_expiry" name="test_login_returns_token_with_7day_expiry" time="0.505" /><testcase classname="tests.test_auth_token_expiry" name="test_valid_token_accesses_protected_endpoint" time="1.367" /><testcase classname="tests.test_auth_token_expiry" name="test_invalid_token_returns_401" time="0.174" /><testcase classname="tests.test_auth_token_expiry" name="test_expired_token_returns_401" time="0.156" /><testcase classname="tests.test_auth_token_expiry" name="test_no_token_returns_401" time="0.133" /><testcase classname="tests.test_auth_token_expiry" name="test_wrong_password_returns_401_from_login" time="0.429" /><testcase classname="tests.test_auth_token_expiry" name="test_upload_source_with_valid_token" time="0.490" /></testsuite></testsuites>