<?xml version="1.0" encoding="utf-8"?><testsuites name="pytest tests"><testsuite name="pytest" errors="0" failures="0" skipped="0" tests="15" time="25.633" timestamp="2026-07-24T05:39:08.431020+00:00" hostname="agent-env-7fa4d5f1-8a90-4100-9927-850098b69d0f"><testcase classname="tests.test_uplaud_api" name="test_root" time="0.764" /><testcase classname="tests.test_uplaud_api" name="test_login_success" time="0.326" /><testcase classname="tests.test_uplaud_api" name="test_login_invalid" time="0.326" /><testcase classname="tests.test_uplaud_api" name="test_me_requires_auth" time="0.094" /><testcase classname="tests.test_uplaud_api" name="test_me_ok" time="0.408" /><testcase classname="tests.test_uplaud_api" name="test_sources_list" time="0.093" /><testcase classname="tests.test_uplaud_api" name="test_sources_unauth" time="0.088" /><testcase classname="tests.test_uplaud_api" name="test_upload_source" time="0.101" /><testcase classname="tests.test_uplaud_api" name="test_analyze_source" time="5.855" /><testcase classname="tests.test_uplaud_api" name="test_get_source" time="0.115" /><testcase classname="tests.test_uplaud_api" name="test_public_testimonial_bad_share" time="0.098" /><testcase classname="tests.test_uplaud_api" name="test_public_testimonial_ok" time="0.195" /><testcase classname="tests.test_uplaud_api" name="test_warm_leads" time="16.152" /><testcase classname="tests.test_uplaud_api" name="test_warm_leads_unauth" time="0.154" /><testcase classname="tests.test_uplaud_api" name="test_blog_list" time="0.108" /></testsuite></testsuites>